<?xml version="1.0" encoding="UTF-8"?>
<!-- Generated by org.testng.reporters.JUnitReportReporter -->
<testsuite hostname="DESKTOP-GCS4VBV" name="TestNG.Testing" tests="4" failures="0" timestamp="17 Jul 2020 23:15:16 GMT" time="111.181" errors="0">
  <testcase name="search" time="20.779" classname="TestNG.Testing"/>
  <testcase name="addToCart" time="15.858" classname="TestNG.Testing"/>
  <testcase name="registration" time="48.890" classname="TestNG.Testing"/>
  <testcase name="login" time="25.654" classname="TestNG.Testing"/>
</testsuite> <!-- TestNG.Testing -->
